# JRE version: Java(TM) SE Runtime Environment (8.0_111-b14) (build 1.8.0_111-b14)
# Java VM: Java HotSpot(TM) 64-Bit Server VM (25.111-b14 mixed mode windows-amd64 compressed oops)
Heap:
 PSYoungGen      total 14336K, used 3726K [0x00000000eaf00000, 0x00000000ec280000, 0x0000000100000000)
  eden space 8704K, 41% used [0x00000000eaf00000,0x00000000eb28b828,0x00000000eb780000)
  from space 5632K, 1% used [0x00000000eb780000,0x00000000eb798000,0x00000000ebd00000)
  to   space 5632K, 0% used [0x00000000ebd00000,0x00000000ebd00000,0x00000000ec280000)
 ParOldGen       total 44032K, used 19178K [0x00000000c0c00000, 0x00000000c3700000, 0x00000000eaf00000)
  object space 44032K, 43% used [0x00000000c0c00000,0x00000000c1eba960,0x00000000c3700000)
 Metaspace       used 25264K, capacity 27036K, committed 27392K, reserved 1073152K
  class space    used 3661K, capacity 3973K, committed 4096K, reserved 1048576K
GC Heap History (10 events):
Event: 1348.208 GC heap before
{Heap before GC invocations=22 (full 1):
 PSYoungGen      total 15360K, used 8864K [0x00000000eaf00000, 0x00000000ec580000, 0x0000000100000000)
  eden space 8704K, 100% used [0x00000000eaf00000,0x00000000eb780000,0x00000000eb780000)
  from space 6656K, 2% used [0x00000000ebf00000,0x00000000ebf28000,0x00000000ec580000)
  to   space 7168K, 0% used [0x00000000eb780000,0x00000000eb780000,0x00000000ebe80000)
 ParOldGen       total 44032K, used 19098K [0x00000000c0c00000, 0x00000000c3700000, 0x00000000eaf00000)
  object space 44032K, 43% used [0x00000000c0c00000,0x00000000c1ea6960,0x00000000c3700000)
 Metaspace       used 25218K, capacity 26994K, committed 27008K, reserved 1073152K
  class space    used 3650K, capacity 3966K, committed 3968K, reserved 1048576K
Event: 1348.211 GC heap after
Heap after GC invocations=22 (full 1):
 PSYoungGen      total 9216K, used 64K [0x00000000eaf00000, 0x00000000ec480000, 0x0000000100000000)
  eden space 8704K, 0% used [0x00000000eaf00000,0x00000000eaf00000,0x00000000eb780000)
  from space 512K, 12% used [0x00000000eb780000,0x00000000eb790000,0x00000000eb800000)
  to   space 6656K, 0% used [0x00000000ebe00000,0x00000000ebe00000,0x00000000ec480000)
 ParOldGen       total 44032K, used 19122K [0x00000000c0c00000, 0x00000000c3700000, 0x00000000eaf00000)
  object space 44032K, 43% used [0x00000000c0c00000,0x00000000c1eac960,0x00000000c3700000)
 Metaspace       used 25218K, capacity 26994K, committed 27008K, reserved 1073152K
  class space    used 3650K, capacity 3966K, committed 3968K, reserved 1048576K
}
Event: 1449.328 GC heap before
{Heap before GC invocations=23 (full 1):
 PSYoungGen      total 9216K, used 8768K [0x00000000eaf00000, 0x00000000ec480000, 0x0000000100000000)
  eden space 8704K, 100% used [0x00000000eaf00000,0x00000000eb780000,0x00000000eb780000)
  from space 512K, 12% used [0x00000000eb780000,0x00000000eb790000,0x00000000eb800000)
  to   space 6656K, 0% used [0x00000000ebe00000,0x00000000ebe00000,0x00000000ec480000)
 ParOldGen       total 44032K, used 19122K [0x00000000c0c00000, 0x00000000c3700000, 0x00000000eaf00000)
  object space 44032K, 43% used [0x00000000c0c00000,0x00000000c1eac960,0x00000000c3700000)
 Metaspace       used 25224K, capacity 26994K, committed 27008K, reserved 1073152K
  class space    used 3651K, capacity 3966K, committed 3968K, reserved 1048576K
Event: 1449.333 GC heap after
Heap after GC invocations=23 (full 1):
 PSYoungGen      total 15360K, used 128K [0x00000000eaf00000, 0x00000000ec480000, 0x0000000100000000)
  eden space 8704K, 0% used [0x00000000eaf00000,0x00000000eaf00000,0x00000000eb780000)
  from space 6656K, 1% used [0x00000000ebe00000,0x00000000ebe20000,0x00000000ec480000)
  to   space 6656K, 0% used [0x00000000eb780000,0x00000000eb780000,0x00000000ebe00000)
 ParOldGen       total 44032K, used 19122K [0x00000000c0c00000, 0x00000000c3700000, 0x00000000eaf00000)
  object space 44032K, 43% used [0x00000000c0c00000,0x00000000c1eac960,0x00000000c3700000)
 Metaspace       used 25224K, capacity 26994K, committed 27008K, reserved 1073152K
  class space    used 3651K, capacity 3966K, committed 3968K, reserved 1048576K
}
Event: 1550.193 GC heap before
{Heap before GC invocations=24 (full 1):
 PSYoungGen      total 15360K, used 8832K [0x00000000eaf00000, 0x00000000ec480000, 0x0000000100000000)
  eden space 8704K, 100% used [0x00000000eaf00000,0x00000000eb780000,0x00000000eb780000)
  from space 6656K, 1% used [0x00000000ebe00000,0x00000000ebe20000,0x00000000ec480000)
  to   space 6656K, 0% used [0x00000000eb780000,0x00000000eb780000,0x00000000ebe00000)
 ParOldGen       total 44032K, used 19122K [0x00000000c0c00000, 0x00000000c3700000, 0x00000000eaf00000)
  object space 44032K, 43% used [0x00000000c0c00000,0x00000000c1eac960,0x00000000c3700000)
 Metaspace       used 25229K, capacity 26994K, committed 27008K, reserved 1073152K
  class space    used 3654K, capacity 3966K, committed 3968K, reserved 1048576K
Event: 1550.197 GC heap after
Heap after GC invocations=24 (full 1):
 PSYoungGen      total 9216K, used 128K [0x00000000eaf00000, 0x00000000ec380000, 0x0000000100000000)
  eden space 8704K, 0% used [0x00000000eaf00000,0x00000000eaf00000,0x00000000eb780000)
  from space 512K, 25% used [0x00000000eb780000,0x00000000eb7a0000,0x00000000eb800000)
  to   space 6144K, 0% used [0x00000000ebd80000,0x00000000ebd80000,0x00000000ec380000)
 ParOldGen       total 44032K, used 19146K [0x00000000c0c00000, 0x00000000c3700000, 0x00000000eaf00000)
  object space 44032K, 43% used [0x00000000c0c00000,0x00000000c1eb2960,0x00000000c3700000)
 Metaspace       used 25229K, capacity 26994K, committed 27008K, reserved 1073152K
  class space    used 3654K, capacity 3966K, committed 3968K, reserved 1048576K
}
Event: 1651.728 GC heap before
{Heap before GC invocations=25 (full 1):
 PSYoungGen      total 9216K, used 8832K [0x00000000eaf00000, 0x00000000ec380000, 0x0000000100000000)
  eden space 8704K, 100% used [0x00000000eaf00000,0x00000000eb780000,0x00000000eb780000)
  from space 512K, 25% used [0x00000000eb780000,0x00000000eb7a0000,0x00000000eb800000)
  to   space 6144K, 0% used [0x00000000ebd80000,0x00000000ebd80000,0x00000000ec380000)
 ParOldGen       total 44032K, used 19146K [0x00000000c0c00000, 0x00000000c3700000, 0x00000000eaf00000)
  object space 44032K, 43% used [0x00000000c0c00000,0x00000000c1eb2960,0x00000000c3700000)
 Metaspace       used 25230K, capacity 26994K, committed 27008K, reserved 1073152K
  class space    used 3654K, capacity 3966K, committed 3968K, reserved 1048576K
Event: 1651.732 GC heap after
Heap after GC invocations=25 (full 1):
 PSYoungGen      total 13824K, used 160K [0x00000000eaf00000, 0x00000000ec280000, 0x0000000100000000)
  eden space 8704K, 0% used [0x00000000eaf00000,0x00000000eaf00000,0x00000000eb780000)
  from space 5120K, 3% used [0x00000000ebd80000,0x00000000ebda8000,0x00000000ec280000)
  to   space 5632K, 0% used [0x00000000eb780000,0x00000000eb780000,0x00000000ebd00000)
 ParOldGen       total 44032K, used 19170K [0x00000000c0c00000, 0x00000000c3700000, 0x00000000eaf00000)
  object space 44032K, 43% used [0x00000000c0c00000,0x00000000c1eb8960,0x00000000c3700000)
 Metaspace       used 25230K, capacity 26994K, committed 27008K, reserved 1073152K
  class space    used 3654K, capacity 3966K, committed 3968K, reserved 1048576K
}
Event: 1753.472 GC heap before
{Heap before GC invocations=26 (full 1):
 PSYoungGen      total 13824K, used 8864K [0x00000000eaf00000, 0x00000000ec280000, 0x0000000100000000)
  eden space 8704K, 100% used [0x00000000eaf00000,0x00000000eb780000,0x00000000eb780000)
  from space 5120K, 3% used [0x00000000ebd80000,0x00000000ebda8000,0x00000000ec280000)
  to   space 5632K, 0% used [0x00000000eb780000,0x00000000eb780000,0x00000000ebd00000)
 ParOldGen       total 44032K, used 19170K [0x00000000c0c00000, 0x00000000c3700000, 0x00000000eaf00000)
  object space 44032K, 43% used [0x00000000c0c00000,0x00000000c1eb8960,0x00000000c3700000)
 Metaspace       used 25230K, capacity 26994K, committed 27008K, reserved 1073152K
  class space    used 3654K, capacity 3966K, committed 3968K, reserved 1048576K
Event: 1753.475 GC heap after
Heap after GC invocations=26 (full 1):
 PSYoungGen      total 14336K, used 96K [0x00000000eaf00000, 0x00000000ec280000, 0x0000000100000000)
  eden space 8704K, 0% used [0x00000000eaf00000,0x00000000eaf00000,0x00000000eb780000)
  from space 5632K, 1% used [0x00000000eb780000,0x00000000eb798000,0x00000000ebd00000)
  to   space 5632K, 0% used [0x00000000ebd00000,0x00000000ebd00000,0x00000000ec280000)
 ParOldGen       total 44032K, used 19178K [0x00000000c0c00000, 0x00000000c3700000, 0x00000000eaf00000)
  object space 44032K, 43% used [0x00000000c0c00000,0x00000000c1eba960,0x00000000c3700000)
 Metaspace       used 25230K, capacity 26994K, committed 27008K, reserved 1073152K
  class space    used 3654K, capacity 3966K, committed 3968K, reserved 1048576K
}

